<?xml version="1.0" encoding="UTF-8"?>
<testsuite name="cart.CartSpecification" tests="1" skipped="0" failures="0" errors="0" timestamp="2020-03-19T18:18:54" hostname="Sachins-MacBook-Pro.local" time="8.828">
  <properties/>
  <testcase name="should print bill" classname="cart.CartSpecification" time="8.828"/>
  <system-out><![CDATA[com.technogise.cart.domain.Bill@6347b8e4[tax=900.0,totalTax=11800.0]
]]></system-out>
  <system-err><![CDATA[]]></system-err>
</testsuite>
